<?xml version="1.0" encoding="UTF-8"?>
<coverage generated="1778132485041" clover="3.2.0">
  <project timestamp="1778132485041" name="All files">
    <metrics statements="7" coveredstatements="7" conditionals="8" coveredconditionals="8" methods="2" coveredmethods="2" elements="17" coveredelements="17" complexity="0" loc="7" ncloc="7" packages="1" files="1" classes="1"/>
    <file name="index.js" path="/Users/ren/IdeaProjects/starter-series/npm-package-starter/src/index.js">
      <metrics statements="7" coveredstatements="7" conditionals="8" coveredconditionals="8" methods="2" coveredmethods="2"/>
      <line num="10" count="7" type="cond" truecount="4" falsecount="0"/>
      <line num="11" count="5" type="stmt"/>
      <line num="13" count="2" type="stmt"/>
      <line num="26" count="16" type="cond" truecount="4" falsecount="0"/>
      <line num="27" count="6" type="stmt"/>
      <line num="29" count="10" type="stmt"/>
      <line num="32" count="1" type="stmt"/>
    </file>
  </project>
</coverage>
